\BOOKMARK [1][-]{section.1}{Introduction}{}% 1
\BOOKMARK [1][-]{section.2}{Background and Motivation}{}% 2
\BOOKMARK [2][-]{subsection.2.1}{Background: Public Clouds for IaaS}{section.2}% 3
\BOOKMARK [2][-]{subsection.2.2}{Motivation: Accuracy and Overheads of Prior Work}{section.2}% 4
\BOOKMARK [1][-]{section.3}{Fair Pricing Runtime Engine}{}% 5
\BOOKMARK [2][-]{subsection.3.1}{Snapshot technique}{section.3}% 6
\BOOKMARK [2][-]{subsection.3.2}{Phase Detecting Mechanism}{section.3}% 7
\BOOKMARK [3][-]{subsubsection.3.2.1}{Finding Representative Types of PMU for Phase Detection}{subsection.3.2}% 8
\BOOKMARK [3][-]{subsubsection.3.2.2}{Eliminating Spikes to Avoid False Phase Detection}{subsection.3.2}% 9
\BOOKMARK [3][-]{subsubsection.3.2.3}{Detecting Phase Changes}{subsection.3.2}% 10
\BOOKMARK [2][-]{subsection.3.3}{Pricing for Fairness}{section.3}% 11
\BOOKMARK [1][-]{section.4}{Evaluation}{}% 12
\BOOKMARK [2][-]{subsection.4.1}{Experimental Setup}{section.4}% 13
\BOOKMARK [2][-]{subsection.4.2}{Experimental Results}{section.4}% 14
\BOOKMARK [3][-]{subsubsection.4.2.1}{Accuracy of Fair Pricing Runtime Engine}{subsection.4.2}% 15
\BOOKMARK [3][-]{subsubsection.4.2.2}{Phase Level Evaluation for Accuracy}{subsection.4.2}% 16
\BOOKMARK [3][-]{subsubsection.4.2.3}{Overhead of Fair Pricing Runtime Engine}{subsection.4.2}% 17
\BOOKMARK [3][-]{subsubsection.4.2.4}{Accuracy and Overheads of Different Types of Multiple Co-runners}{subsection.4.2}% 18
\BOOKMARK [1][-]{section.5}{Related Work}{}% 19
\BOOKMARK [1][-]{section.6}{Conclusion}{}% 20
\BOOKMARK [1][-]{section.7}{References}{}% 21
