\BOOKMARK [1][-]{section.1}{Introduction}{}% 1
\BOOKMARK [1][-]{section.2}{Background and Motivation}{}% 2
\BOOKMARK [2][-]{subsection.2.1}{IaaS Public Clouds}{section.2}% 3
\BOOKMARK [2][-]{subsection.2.2}{Pricing Schemes and Challenges}{section.2}% 4
\BOOKMARK [2][-]{subsection.2.3}{State-of-the-Art Solution and Its Limitations}{section.2}% 5
\BOOKMARK [2][-]{subsection.2.4}{Related Work}{section.2}% 6
\BOOKMARK [1][-]{section.3}{PRUNE: Pricing RUNtime Engine}{}% 7
\BOOKMARK [2][-]{subsection.3.1}{Snapshot Technique}{section.3}% 8
\BOOKMARK [2][-]{subsection.3.2}{Phase Triggered Mechanism}{section.3}% 9
\BOOKMARK [3][-]{subsubsection.3.2.1}{Exogenous phase changes - Scenarios}{subsection.3.2}% 10
\BOOKMARK [3][-]{subsubsection.3.2.2}{Finding Representative Types of PMU for Phase Detection}{subsection.3.2}% 11
\BOOKMARK [3][-]{subsubsection.3.2.3}{PMU scoring technique}{subsection.3.2}% 12
\BOOKMARK [3][-]{subsubsection.3.2.4}{Ranking PMU types}{subsection.3.2}% 13
\BOOKMARK [3][-]{subsubsection.3.2.5}{Implementation issues - Eliminating Spikes}{subsection.3.2}% 14
\BOOKMARK [2][-]{subsection.3.3}{Putting All Together}{section.3}% 15
\BOOKMARK [2][-]{subsection.3.4}{Pricing for Fairness}{section.3}% 16
\BOOKMARK [1][-]{section.4}{Experimental Environments}{}% 17
\BOOKMARK [2][-]{subsection.4.1}{Experimental Setup}{section.4}% 18
\BOOKMARK [2][-]{subsection.4.2}{Benchmark}{section.4}% 19
\BOOKMARK [1][-]{section.5}{Evaluation}{}% 20
\BOOKMARK [2][-]{subsection.5.1}{Analysis of Phase Level Behaviors}{section.5}% 21
\BOOKMARK [2][-]{subsection.5.2}{Analysis of Phase Level Behaviors}{section.5}% 22
\BOOKMARK [2][-]{subsection.5.3}{Scalability Study}{section.5}% 23
\BOOKMARK [2][-]{subsection.5.4}{Comparison of Prior Work and Snapshot}{section.5}% 24
\BOOKMARK [1][-]{section.6}{Conclusion}{}% 25
\BOOKMARK [1][-]{section.7}{References}{}% 26
