This is pdfTeX, Version 3.14159265-2.6-1.40.15 (TeX Live 2014/MacPorts 2014_7) (preloaded format=pdflatex 2015.3.31)  22 NOV 2015 00:12
entering extended mode
 restricted \write18 enabled.
 %&-line parsing enabled.
**fairpricing.tex
(./fairpricing.tex
LaTeX2e <2014/05/01>
Babel <3.9k> and hyphenation patterns for 43 languages loaded.
(./sig-alternate.cls
(/opt/local/share/texmf-texlive/tex/latex/graphics/epsfig.sty
Package: epsfig 1999/02/16 v1.7a (e)psfig emulation (SPQR)

(/opt/local/share/texmf-texlive/tex/latex/graphics/graphicx.sty
Package: graphicx 2014/04/25 v1.0g Enhanced LaTeX Graphics (DPC,SPQR)

(/opt/local/share/texmf-texlive/tex/latex/graphics/keyval.sty
Package: keyval 2014/05/08 v1.15 key=value parser (DPC)
\KV@toks@=\toks14
)
(/opt/local/share/texmf-texlive/tex/latex/graphics/graphics.sty
Package: graphics 2009/02/05 v1.0o Standard LaTeX Graphics (DPC,SPQR)

(/opt/local/share/texmf-texlive/tex/latex/graphics/trig.sty
Package: trig 1999/03/16 v1.09 sin cos tan (DPC)
)
(/opt/local/share/texmf-texlive/tex/latex/latexconfig/graphics.cfg
File: graphics.cfg 2010/04/23 v1.9 graphics configuration of TeX Live
)
Package graphics Info: Driver file: pdftex.def on input line 91.

(/opt/local/share/texmf-texlive/tex/latex/pdftex-def/pdftex.def
File: pdftex.def 2011/05/27 v0.06d Graphics/color for pdfTeX

(/opt/local/share/texmf-texlive/tex/generic/oberdiek/infwarerr.sty
Package: infwarerr 2010/04/08 v1.3 Providing info/warning/error messages (HO)
)
(/opt/local/share/texmf-texlive/tex/generic/oberdiek/ltxcmds.sty
Package: ltxcmds 2011/11/09 v1.22 LaTeX kernel commands for general use (HO)
)
\Gread@gobject=\count79
))
\Gin@req@height=\dimen102
\Gin@req@width=\dimen103
)
\epsfxsize=\dimen104
\epsfysize=\dimen105
)
(/opt/local/share/texmf-texlive/tex/latex/amsfonts/amssymb.sty
Package: amssymb 2013/01/14 v3.01 AMS font symbols

(/opt/local/share/texmf-texlive/tex/latex/amsfonts/amsfonts.sty
Package: amsfonts 2013/01/14 v3.01 Basic AMSFonts support
\@emptytoks=\toks15
\symAMSa=\mathgroup4
\symAMSb=\mathgroup5
LaTeX Font Info:    Overwriting math alphabet `\mathfrak' in version `bold'
(Font)                  U/euf/m/n --> U/euf/b/n on input line 106.
))
(/opt/local/share/texmf-texlive/tex/latex/amsmath/amsmath.sty
Package: amsmath 2013/01/14 v2.14 AMS math features
\@mathmargin=\skip41

For additional information on amsmath, use the `?' option.
(/opt/local/share/texmf-texlive/tex/latex/amsmath/amstext.sty
Package: amstext 2000/06/29 v2.01

(/opt/local/share/texmf-texlive/tex/latex/amsmath/amsgen.sty
File: amsgen.sty 1999/11/30 v2.0
\@emptytoks=\toks16
\ex@=\dimen106
))
(/opt/local/share/texmf-texlive/tex/latex/amsmath/amsbsy.sty
Package: amsbsy 1999/11/29 v1.2d
\pmbraise@=\dimen107
)
(/opt/local/share/texmf-texlive/tex/latex/amsmath/amsopn.sty
Package: amsopn 1999/12/14 v2.01 operator names
)
\inf@bad=\count80
LaTeX Info: Redefining \frac on input line 210.
\uproot@=\count81
\leftroot@=\count82
LaTeX Info: Redefining \overline on input line 306.
\classnum@=\count83
\DOTSCASE@=\count84
LaTeX Info: Redefining \ldots on input line 378.
LaTeX Info: Redefining \dots on input line 381.
LaTeX Info: Redefining \cdots on input line 466.
\Mathstrutbox@=\box26
\strutbox@=\box27
\big@size=\dimen108
LaTeX Font Info:    Redeclaring font encoding OML on input line 566.
LaTeX Font Info:    Redeclaring font encoding OMS on input line 567.
\macc@depth=\count85
\c@MaxMatrixCols=\count86
\dotsspace@=\muskip10
\c@parentequation=\count87
\dspbrk@lvl=\count88
\tag@help=\toks17
\row@=\count89
\column@=\count90
\maxfields@=\count91
\andhelp@=\toks18
\eqnshift@=\dimen109
\alignsep@=\dimen110
\tagshift@=\dimen111
\tagwidth@=\dimen112
\totwidth@=\dimen113
\lineht@=\dimen114
\@envbody=\toks19
\multlinegap=\skip42
\multlinetaggap=\skip43
\mathdisplay@stack=\toks20
LaTeX Info: Redefining \[ on input line 2665.
LaTeX Info: Redefining \] on input line 2666.
)
Document Class 'sig-alternate' <23rd. May '12>. Modified by G.K.M. Tobin/Gerry 
Murray
Based in part upon document Style `acmconf' <22 May 89>. Hacked 4/91 by
shivers@cs.cmu.edu, 4/93 by theobald@cs.mcgill.ca
Excerpts were taken from (Journal Style) 'esub2acm.cls'.
****** Bugs/comments/suggestions/technicalities to Gerry Murray -- murray@hq.ac
m.org ******
Questions on the style, SIGS policies, etc. to Adrienne Griscti griscti@acm.org

\footheight=\dimen115
\@maxsep=\dimen116
\@dblmaxsep=\dimen117
\aucount=\count92
\originalaucount=\count93
\auwidth=\dimen118
\auskip=\dimen119
\auskipcount=\count94
\auskip=\dimen120
\allauboxes=\dimen121
\addauthors=\toks21
\addauflag=\count95
\subtitletext=\toks22
\savesection=\count96
\sectioncntr=\count97
\c@figure=\count98
\c@table=\count99
\titleboxnotes=\toks23
\titleboxnoteflag=\count100
Document Class: sig-alternate 2012/05/23 - V2.5 - based on acmproc.cls V1.3 <No
v. 30 '99>
(/opt/local/share/texmf-texlive/tex/latex/base/latexsym.sty
Package: latexsym 1998/08/17 v2.2e Standard LaTeX package (lasy symbols)
\symlasy=\mathgroup6
LaTeX Font Info:    Overwriting symbol font `lasy' in version `bold'
(Font)                  U/lasy/m/n --> U/lasy/b/n on input line 47.
)
\@acmtitlebox=\box28
\titlenotecount=\count101
\tntoks=\toks24
\tntokstwo=\toks25
\tntoksthree=\toks26
\tntoksfour=\toks27
\tntoksfive=\toks28
\catcount=\count102
\copyrightnotice=\toks29
\c@part=\count103
\c@section=\count104
\c@subsection=\count105
\c@subsubsection=\count106
\c@paragraph=\count107

Using 'Abbrev' bibliography style
LaTeX Info: Redefining \cite on input line 1224.
\bibindent=\dimen122
\colcntr=\count108
\saveb@x=\box29
\copyrtyr=\toks30
\acmcopyr=\toks31
\boilerplate=\toks32
\copyrightetc=\toks33
(/opt/local/share/texmf-texlive/tex/latex/base/fontenc.sty
Package: fontenc 2005/09/27 v1.99g Standard LaTeX package

(/opt/local/share/texmf-texlive/tex/latex/base/t1enc.def
File: t1enc.def 2005/09/27 v1.99g Standard LaTeX file
LaTeX Font Info:    Redeclaring font encoding T1 on input line 43.
)
LaTeX Font Info:    Try loading font information for T1+aer on input line 100.

(/opt/local/share/texmf-texlive/tex/latex/ae/t1aer.fd
File: t1aer.fd 1997/11/16 Font definitions for T1/aer.
)))
(/opt/local/share/texmf-texlive/tex/latex/psnfss/mathptmx.sty
Package: mathptmx 2005/04/12 PSNFSS-v9.2a Times w/ Math, improved (SPQR, WaS) 
LaTeX Font Info:    Redeclaring symbol font `operators' on input line 28.
LaTeX Font Info:    Overwriting symbol font `operators' in version `normal'
(Font)                  OT1/cmr/m/n --> OT1/ztmcm/m/n on input line 28.
LaTeX Font Info:    Overwriting symbol font `operators' in version `bold'
(Font)                  OT1/cmr/bx/n --> OT1/ztmcm/m/n on input line 28.
LaTeX Font Info:    Redeclaring symbol font `letters' on input line 29.
LaTeX Font Info:    Overwriting symbol font `letters' in version `normal'
(Font)                  OML/cmm/m/it --> OML/ztmcm/m/it on input line 29.
LaTeX Font Info:    Overwriting symbol font `letters' in version `bold'
(Font)                  OML/cmm/b/it --> OML/ztmcm/m/it on input line 29.
LaTeX Font Info:    Redeclaring symbol font `symbols' on input line 30.
LaTeX Font Info:    Overwriting symbol font `symbols' in version `normal'
(Font)                  OMS/cmsy/m/n --> OMS/ztmcm/m/n on input line 30.
LaTeX Font Info:    Overwriting symbol font `symbols' in version `bold'
(Font)                  OMS/cmsy/b/n --> OMS/ztmcm/m/n on input line 30.
LaTeX Font Info:    Redeclaring symbol font `largesymbols' on input line 31.
LaTeX Font Info:    Overwriting symbol font `largesymbols' in version `normal'
(Font)                  OMX/cmex/m/n --> OMX/ztmcm/m/n on input line 31.
LaTeX Font Info:    Overwriting symbol font `largesymbols' in version `bold'
(Font)                  OMX/cmex/m/n --> OMX/ztmcm/m/n on input line 31.
\symbold=\mathgroup7
\symitalic=\mathgroup8
LaTeX Font Info:    Redeclaring math alphabet \mathbf on input line 34.
LaTeX Font Info:    Overwriting math alphabet `\mathbf' in version `normal'
(Font)                  OT1/cmr/bx/n --> OT1/ptm/bx/n on input line 34.
LaTeX Font Info:    Overwriting math alphabet `\mathbf' in version `bold'
(Font)                  OT1/cmr/bx/n --> OT1/ptm/bx/n on input line 34.
LaTeX Font Info:    Redeclaring math alphabet \mathit on input line 35.
LaTeX Font Info:    Overwriting math alphabet `\mathit' in version `normal'
(Font)                  OT1/cmr/m/it --> OT1/ptm/m/it on input line 35.
LaTeX Font Info:    Overwriting math alphabet `\mathit' in version `bold'
(Font)                  OT1/cmr/bx/it --> OT1/ptm/m/it on input line 35.
LaTeX Info: Redefining \hbar on input line 50.
)
(/opt/local/share/texmf-texlive/tex/latex/fancyhdr/fancyhdr.sty
\fancy@headwidth=\skip44
\f@ncyO@elh=\skip45
\f@ncyO@erh=\skip46
\f@ncyO@olh=\skip47
\f@ncyO@orh=\skip48
\f@ncyO@elf=\skip49
\f@ncyO@erf=\skip50
\f@ncyO@olf=\skip51
\f@ncyO@orf=\skip52
)
(/opt/local/share/texmf-texlive/tex/generic/ulem/ulem.sty
\UL@box=\box30
\UL@hyphenbox=\box31
\UL@skip=\skip53
\UL@hook=\toks34
\UL@height=\dimen123
\UL@pe=\count109
\UL@pixel=\dimen124
\ULC@box=\box32
Package: ulem 2012/05/18
\ULdepth=\dimen125
)
(/opt/local/share/texmf-texlive/tex/latex/url/url.sty
\Urlmuskip=\muskip11
Package: url 2013/09/16  ver 3.4  Verb mode for urls, etc.
)
(/opt/local/share/texmf-texlive/tex/latex/hyperref/hyperref.sty
Package: hyperref 2012/11/06 v6.83m Hypertext links for LaTeX

(/opt/local/share/texmf-texlive/tex/generic/oberdiek/hobsub-hyperref.sty
Package: hobsub-hyperref 2012/05/28 v1.13 Bundle oberdiek, subset hyperref (HO)


(/opt/local/share/texmf-texlive/tex/generic/oberdiek/hobsub-generic.sty
Package: hobsub-generic 2012/05/28 v1.13 Bundle oberdiek, subset generic (HO)
Package: hobsub 2012/05/28 v1.13 Construct package bundles (HO)
Package hobsub Info: Skipping package `infwarerr' (already loaded).
Package hobsub Info: Skipping package `ltxcmds' (already loaded).
Package: ifluatex 2010/03/01 v1.3 Provides the ifluatex switch (HO)
Package ifluatex Info: LuaTeX not detected.
Package: ifvtex 2010/03/01 v1.5 Detect VTeX and its facilities (HO)
Package ifvtex Info: VTeX not detected.
Package: intcalc 2007/09/27 v1.1 Expandable calculations with integers (HO)
Package: ifpdf 2011/01/30 v2.3 Provides the ifpdf switch (HO)
Package ifpdf Info: pdfTeX in PDF mode is detected.
Package: etexcmds 2011/02/16 v1.5 Avoid name clashes with e-TeX commands (HO)
Package etexcmds Info: Could not find \expanded.
(etexcmds)             That can mean that you are not using pdfTeX 1.50 or
(etexcmds)             that some package has redefined \expanded.
(etexcmds)             In the latter case, load this package earlier.
Package: kvsetkeys 2012/04/25 v1.16 Key value parser (HO)
Package: kvdefinekeys 2011/04/07 v1.3 Define keys (HO)
Package: pdftexcmds 2011/11/29 v0.20 Utility functions of pdfTeX for LuaTeX (HO
)
Package pdftexcmds Info: LuaTeX not detected.
Package pdftexcmds Info: \pdf@primitive is available.
Package pdftexcmds Info: \pdf@ifprimitive is available.
Package pdftexcmds Info: \pdfdraftmode found.
Package: pdfescape 2011/11/25 v1.13 Implements pdfTeX's escape features (HO)
Package: bigintcalc 2012/04/08 v1.3 Expandable calculations on big integers (HO
)
Package: bitset 2011/01/30 v1.1 Handle bit-vector datatype (HO)
Package: uniquecounter 2011/01/30 v1.2 Provide unlimited unique counter (HO)
)
Package hobsub Info: Skipping package `hobsub' (already loaded).
Package: letltxmacro 2010/09/02 v1.4 Let assignment for LaTeX macros (HO)
Package: hopatch 2012/05/28 v1.2 Wrapper for package hooks (HO)
Package: xcolor-patch 2011/01/30 xcolor patch
Package: atveryend 2011/06/30 v1.8 Hooks at the very end of document (HO)
Package atveryend Info: \enddocument detected (standard20110627).
Package: atbegshi 2011/10/05 v1.16 At begin shipout hook (HO)
Package: refcount 2011/10/16 v3.4 Data extraction from label references (HO)
Package: hycolor 2011/01/30 v1.7 Color options for hyperref/bookmark (HO)
)
(/opt/local/share/texmf-texlive/tex/generic/ifxetex/ifxetex.sty
Package: ifxetex 2010/09/12 v0.6 Provides ifxetex conditional
)
(/opt/local/share/texmf-texlive/tex/latex/oberdiek/auxhook.sty
Package: auxhook 2011/03/04 v1.3 Hooks for auxiliary files (HO)
)
(/opt/local/share/texmf-texlive/tex/latex/oberdiek/kvoptions.sty
Package: kvoptions 2011/06/30 v3.11 Key value format for package options (HO)
)
\@linkdim=\dimen126
\Hy@linkcounter=\count110
\Hy@pagecounter=\count111

(/opt/local/share/texmf-texlive/tex/latex/hyperref/pd1enc.def
File: pd1enc.def 2012/11/06 v6.83m Hyperref: PDFDocEncoding definition (HO)
)
\Hy@SavedSpaceFactor=\count112

(/opt/local/share/texmf-texlive/tex/latex/latexconfig/hyperref.cfg
File: hyperref.cfg 2002/06/06 v1.2 hyperref configuration of TeXLive
)
Package hyperref Info: Hyper figures OFF on input line 4443.
Package hyperref Info: Link nesting OFF on input line 4448.
Package hyperref Info: Hyper index ON on input line 4451.
Package hyperref Info: Plain pages OFF on input line 4458.
Package hyperref Info: Backreferencing OFF on input line 4463.
Package hyperref Info: Implicit mode ON; LaTeX internals redefined.
Package hyperref Info: Bookmarks ON on input line 4688.
\c@Hy@tempcnt=\count113
LaTeX Info: Redefining \url on input line 5041.
\XeTeXLinkMargin=\dimen127
\Fld@menulength=\count114
\Field@Width=\dimen128
\Fld@charsize=\dimen129
Package hyperref Info: Hyper figures OFF on input line 6295.
Package hyperref Info: Link nesting OFF on input line 6300.
Package hyperref Info: Hyper index ON on input line 6303.
Package hyperref Info: backreferencing OFF on input line 6310.
Package hyperref Info: Link coloring OFF on input line 6315.
Package hyperref Info: Link coloring with OCG OFF on input line 6320.
Package hyperref Info: PDF/A mode OFF on input line 6325.
LaTeX Info: Redefining \ref on input line 6365.
LaTeX Info: Redefining \pageref on input line 6369.


Package hyperref Warning: Option `pdfpagelabels' is turned off
(hyperref)                because \thepage is undefined.

\c@Item=\count115
\c@Hfootnote=\count116
)

Package hyperref Message: Driver (autodetected): hpdftex.

(/opt/local/share/texmf-texlive/tex/latex/hyperref/hpdftex.def
File: hpdftex.def 2012/11/06 v6.83m Hyperref driver for pdfTeX
\Fld@listcount=\count117
\c@bookmark@seq@number=\count118

(/opt/local/share/texmf-texlive/tex/latex/oberdiek/rerunfilecheck.sty
Package: rerunfilecheck 2011/04/15 v1.7 Rerun checks for auxiliary files (HO)
Package uniquecounter Info: New unique counter `rerunfilecheck' on input line 2
82.
)
\Hy@SectionHShift=\skip54
)
(/opt/local/share/texmf-texlive/tex/latex/environ/environ.sty
Package: environ 2014/05/04 v0.3 A new way to define environments

(/opt/local/share/texmf-texlive/tex/latex/trimspaces/trimspaces.sty
Package: trimspaces 2009/09/17 v1.1 Trim spaces around a token list
))
(/opt/local/share/texmf-texlive/tex/latex/graphics/color.sty
Package: color 2014/04/23 v1.1a Standard LaTeX Color (DPC)

(/opt/local/share/texmf-texlive/tex/latex/latexconfig/color.cfg
File: color.cfg 2007/01/18 v1.5 color configuration of teTeX/TeXLive
)
Package color Info: Driver file: pdftex.def on input line 137.
)
(/opt/local/share/texmf-texlive/tex/latex/listings/listings.sty
\lst@mode=\count119
\lst@gtempboxa=\box33
\lst@token=\toks35
\lst@length=\count120
\lst@currlwidth=\dimen130
\lst@column=\count121
\lst@pos=\count122
\lst@lostspace=\dimen131
\lst@width=\dimen132
\lst@newlines=\count123
\lst@lineno=\count124
\abovecaptionskip=\skip55
\belowcaptionskip=\skip56
\lst@maxwidth=\dimen133

(/opt/local/share/texmf-texlive/tex/latex/listings/lstmisc.sty
File: lstmisc.sty 2014/03/04 1.5c (Carsten Heinz)
\c@lstnumber=\count125
\lst@skipnumbers=\count126
\lst@framebox=\box34
)
(/opt/local/share/texmf-texlive/tex/latex/listings/listings.cfg
File: listings.cfg 2014/03/04 1.5c listings configuration
))
Package: listings 2014/03/04 1.5c (Carsten Heinz)

(/opt/local/share/texmf-texlive/tex/latex/multirow/multirow.sty
\bigstrutjot=\dimen134
)
(/opt/local/share/texmf-texlive/tex/latex/pdfsync/pdfsync.sty
Package: pdfsync 2008/01/26 v1.1
)
(/opt/local/share/texmf-texlive/tex/latex/caption/caption.sty
Package: caption 2013/05/02 v3.3-89 Customizing captions (AR)

(/opt/local/share/texmf-texlive/tex/latex/caption/caption3.sty
Package: caption3 2013/05/02 v1.6-88 caption3 kernel (AR)
Package caption3 Info: TeX engine: e-TeX on input line 57.
\captionmargin=\dimen135
\captionmargin@=\dimen136
\captionwidth=\dimen137
\caption@tempdima=\dimen138
\caption@indent=\dimen139
\caption@parindent=\dimen140
\caption@hangindent=\dimen141
Package caption Info: Unknown document class (or package),
(caption)             standard defaults will be used.
)

Package caption Warning: Unsupported document class (or package) detected,
(caption)                usage of the caption package is not recommended.
See the caption package documentation for explanation.

Package caption Info: \@makecaption = \long macro:#1#2-> \vskip 10pt \setbox \@
tempboxa \hbox {\textbf {#1: #2}} \ifdim \wd \@tempboxa >\hsize \textbf {#1: #2
}\par \else \hbox to\hsize {\hfil \box \@tempboxa \hfil } \fi .
\c@ContinuedFloat=\count127
Package caption Info: hyperref package is loaded.
Package caption Info: listings package is loaded.
) (/opt/local/share/texmf-texlive/tex/latex/algorithms/algorithm.sty
Package: algorithm 2009/08/24 v0.1 Document Style `algorithm' - floating enviro
nment

(/opt/local/share/texmf-texlive/tex/latex/float/float.sty
Package: float 2001/11/08 v1.3d Float enhancements (AL)
\c@float@type=\count128
\float@exts=\toks36
\float@box=\box35
\@float@everytoks=\toks37
\@floatcapt=\box36
)
(/opt/local/share/texmf-texlive/tex/latex/base/ifthen.sty
Package: ifthen 2001/05/26 v1.1c Standard LaTeX ifthen package (DPC)
)
\@float@every@algorithm=\toks38
\c@algorithm=\count129
)
(/opt/local/share/texmf-texlive/tex/latex/algorithmicx/algpseudocode.sty
Package: algpseudocode 

(/opt/local/share/texmf-texlive/tex/latex/algorithmicx/algorithmicx.sty
Package: algorithmicx 2005/04/27 v1.2 Algorithmicx

Document Style algorithmicx 1.2 - a greatly improved `algorithmic' style
\c@ALG@line=\count130
\c@ALG@rem=\count131
\c@ALG@nested=\count132
\ALG@tlm=\skip57
\ALG@thistlm=\skip58
\c@ALG@Lnr=\count133
\c@ALG@blocknr=\count134
\c@ALG@storecount=\count135
\c@ALG@tmpcounter=\count136
\ALG@tmplength=\skip59
)
Document Style - pseudocode environments for use with the `algorithmicx' style
) (/opt/local/share/texmf-texlive/tex/latex/caption/subcaption.sty
Package: subcaption 2013/02/03 v1.1-62 Sub-captions (AR)
\c@subfigure=\count137
\c@subtable=\count138
)
(/opt/local/share/texmf-texlive/tex/latex/todonotes/todonotes.sty
Package: todonotes 2012/07/25 .dtx Todonotes source and documentation.
Package: todonotes 2012/07/25

(/opt/local/share/texmf-texlive/tex/latex/xkeyval/xkeyval.sty
Package: xkeyval 2014/05/09 v2.6d package option processing (HA)

(/opt/local/share/texmf-texlive/tex/generic/xkeyval/xkeyval.tex
\XKV@toks=\toks39
\XKV@tempa@toks=\toks40
\XKV@depth=\count139
File: xkeyval.tex 2014/05/09 v2.6d key=value parser (HA)
))
(/opt/local/share/texmf-texlive/tex/latex/xcolor/xcolor.sty
Package: xcolor 2007/01/21 v2.11 LaTeX color extensions (UK)

(/opt/local/share/texmf-texlive/tex/latex/latexconfig/color.cfg
File: color.cfg 2007/01/18 v1.5 color configuration of teTeX/TeXLive
)
Package xcolor Info: Driver file: pdftex.def on input line 225.
LaTeX Info: Redefining \color on input line 702.
Package xcolor Info: Model `cmy' substituted by `cmy0' on input line 1337.
Package xcolor Info: Model `hsb' substituted by `rgb' on input line 1341.
Package xcolor Info: Model `RGB' extended on input line 1353.
Package xcolor Info: Model `HTML' substituted by `rgb' on input line 1355.
Package xcolor Info: Model `Hsb' substituted by `hsb' on input line 1356.
Package xcolor Info: Model `tHsb' substituted by `hsb' on input line 1357.
Package xcolor Info: Model `HSB' substituted by `hsb' on input line 1358.
Package xcolor Info: Model `Gray' substituted by `gray' on input line 1359.
Package xcolor Info: Model `wave' substituted by `hsb' on input line 1360.
)
(/opt/local/share/texmf/tex/latex/pgf/frontendlayer/tikz.sty
(/opt/local/share/texmf/tex/latex/pgf/basiclayer/pgf.sty
(/opt/local/share/texmf/tex/latex/pgf/utilities/pgfrcs.sty
(/opt/local/share/texmf/tex/generic/pgf/utilities/pgfutil-common.tex
\pgfutil@everybye=\toks41
\pgfutil@tempdima=\dimen142
\pgfutil@tempdimb=\dimen143

(/opt/local/share/texmf/tex/generic/pgf/utilities/pgfutil-common-lists.tex))
(/opt/local/share/texmf/tex/generic/pgf/utilities/pgfutil-latex.def
\pgfutil@abb=\box37

(/opt/local/share/texmf-texlive/tex/latex/ms/everyshi.sty
Package: everyshi 2001/05/15 v3.00 EveryShipout Package (MS)
))
(/opt/local/share/texmf/tex/generic/pgf/utilities/pgfrcs.code.tex
Package: pgfrcs 2013/12/20 v3.0.0 (rcs-revision 1.28)
))
Package: pgf 2013/12/18 v3.0.0 (rcs-revision 1.14)

(/opt/local/share/texmf/tex/latex/pgf/basiclayer/pgfcore.sty
(/opt/local/share/texmf/tex/latex/pgf/systemlayer/pgfsys.sty
(/opt/local/share/texmf/tex/generic/pgf/systemlayer/pgfsys.code.tex
Package: pgfsys 2013/11/30 v3.0.0 (rcs-revision 1.47)

(/opt/local/share/texmf/tex/generic/pgf/utilities/pgfkeys.code.tex
\pgfkeys@pathtoks=\toks42
\pgfkeys@temptoks=\toks43

(/opt/local/share/texmf/tex/generic/pgf/utilities/pgfkeysfiltered.code.tex
\pgfkeys@tmptoks=\toks44
))
\pgf@x=\dimen144
\pgf@y=\dimen145
\pgf@xa=\dimen146
\pgf@ya=\dimen147
\pgf@xb=\dimen148
\pgf@yb=\dimen149
\pgf@xc=\dimen150
\pgf@yc=\dimen151
\w@pgf@writea=\write3
\r@pgf@reada=\read1
\c@pgf@counta=\count140
\c@pgf@countb=\count141
\c@pgf@countc=\count142
\c@pgf@countd=\count143
\t@pgf@toka=\toks45
\t@pgf@tokb=\toks46
\t@pgf@tokc=\toks47

(/opt/local/share/texmf/tex/generic/pgf/systemlayer/pgf.cfg
File: pgf.cfg 2008/05/14  (rcs-revision 1.7)
)
Driver file for pgf: pgfsys-pdftex.def

(/opt/local/share/texmf/tex/generic/pgf/systemlayer/pgfsys-pdftex.def
File: pgfsys-pdftex.def 2013/07/18  (rcs-revision 1.33)

(/opt/local/share/texmf/tex/generic/pgf/systemlayer/pgfsys-common-pdf.def
File: pgfsys-common-pdf.def 2013/10/10  (rcs-revision 1.13)
)))
(/opt/local/share/texmf/tex/generic/pgf/systemlayer/pgfsyssoftpath.code.tex
File: pgfsyssoftpath.code.tex 2013/09/09  (rcs-revision 1.9)
\pgfsyssoftpath@smallbuffer@items=\count144
\pgfsyssoftpath@bigbuffer@items=\count145
)
(/opt/local/share/texmf/tex/generic/pgf/systemlayer/pgfsysprotocol.code.tex
File: pgfsysprotocol.code.tex 2006/10/16  (rcs-revision 1.4)
))
(/opt/local/share/texmf/tex/generic/pgf/basiclayer/pgfcore.code.tex
Package: pgfcore 2010/04/11 v3.0.0 (rcs-revision 1.7)

(/opt/local/share/texmf/tex/generic/pgf/math/pgfmath.code.tex
(/opt/local/share/texmf/tex/generic/pgf/math/pgfmathcalc.code.tex
(/opt/local/share/texmf/tex/generic/pgf/math/pgfmathutil.code.tex)
(/opt/local/share/texmf/tex/generic/pgf/math/pgfmathparser.code.tex
\pgfmath@dimen=\dimen152
\pgfmath@count=\count146
\pgfmath@box=\box38
\pgfmath@toks=\toks48
\pgfmath@stack@operand=\toks49
\pgfmath@stack@operation=\toks50
)
(/opt/local/share/texmf/tex/generic/pgf/math/pgfmathfunctions.code.tex
(/opt/local/share/texmf/tex/generic/pgf/math/pgfmathfunctions.basic.code.tex)
(/opt/local/share/texmf/tex/generic/pgf/math/pgfmathfunctions.trigonometric.cod
e.tex)
(/opt/local/share/texmf/tex/generic/pgf/math/pgfmathfunctions.random.code.tex)
(/opt/local/share/texmf/tex/generic/pgf/math/pgfmathfunctions.comparison.code.t
ex) (/opt/local/share/texmf/tex/generic/pgf/math/pgfmathfunctions.base.code.tex
) (/opt/local/share/texmf/tex/generic/pgf/math/pgfmathfunctions.round.code.tex)
(/opt/local/share/texmf/tex/generic/pgf/math/pgfmathfunctions.misc.code.tex)
(/opt/local/share/texmf/tex/generic/pgf/math/pgfmathfunctions.integerarithmetic
s.code.tex)))
(/opt/local/share/texmf/tex/generic/pgf/math/pgfmathfloat.code.tex
\c@pgfmathroundto@lastzeros=\count147
))
(/opt/local/share/texmf/tex/generic/pgf/basiclayer/pgfcorepoints.code.tex
File: pgfcorepoints.code.tex 2013/10/07  (rcs-revision 1.27)
\pgf@picminx=\dimen153
\pgf@picmaxx=\dimen154
\pgf@picminy=\dimen155
\pgf@picmaxy=\dimen156
\pgf@pathminx=\dimen157
\pgf@pathmaxx=\dimen158
\pgf@pathminy=\dimen159
\pgf@pathmaxy=\dimen160
\pgf@xx=\dimen161
\pgf@xy=\dimen162
\pgf@yx=\dimen163
\pgf@yy=\dimen164
\pgf@zx=\dimen165
\pgf@zy=\dimen166
)
(/opt/local/share/texmf/tex/generic/pgf/basiclayer/pgfcorepathconstruct.code.te
x
File: pgfcorepathconstruct.code.tex 2013/10/07  (rcs-revision 1.29)
\pgf@path@lastx=\dimen167
\pgf@path@lasty=\dimen168
) (/opt/local/share/texmf/tex/generic/pgf/basiclayer/pgfcorepathusage.code.tex
File: pgfcorepathusage.code.tex 2013/12/13  (rcs-revision 1.23)
\pgf@shorten@end@additional=\dimen169
\pgf@shorten@start@additional=\dimen170
) (/opt/local/share/texmf/tex/generic/pgf/basiclayer/pgfcorescopes.code.tex
File: pgfcorescopes.code.tex 2013/10/09  (rcs-revision 1.44)
\pgfpic=\box39
\pgf@hbox=\box40
\pgf@layerbox@main=\box41
\pgf@picture@serial@count=\count148
)
(/opt/local/share/texmf/tex/generic/pgf/basiclayer/pgfcoregraphicstate.code.tex
File: pgfcoregraphicstate.code.tex 2013/09/19  (rcs-revision 1.11)
\pgflinewidth=\dimen171
)
(/opt/local/share/texmf/tex/generic/pgf/basiclayer/pgfcoretransformations.code.
tex
File: pgfcoretransformations.code.tex 2013/10/10  (rcs-revision 1.17)
\pgf@pt@x=\dimen172
\pgf@pt@y=\dimen173
\pgf@pt@temp=\dimen174
) (/opt/local/share/texmf/tex/generic/pgf/basiclayer/pgfcorequick.code.tex
File: pgfcorequick.code.tex 2008/10/09  (rcs-revision 1.3)
)
(/opt/local/share/texmf/tex/generic/pgf/basiclayer/pgfcoreobjects.code.tex
File: pgfcoreobjects.code.tex 2006/10/11  (rcs-revision 1.2)
)
(/opt/local/share/texmf/tex/generic/pgf/basiclayer/pgfcorepathprocessing.code.t
ex
File: pgfcorepathprocessing.code.tex 2013/09/09  (rcs-revision 1.9)
) (/opt/local/share/texmf/tex/generic/pgf/basiclayer/pgfcorearrows.code.tex
File: pgfcorearrows.code.tex 2013/11/07  (rcs-revision 1.40)
\pgfarrowsep=\dimen175
)
(/opt/local/share/texmf/tex/generic/pgf/basiclayer/pgfcoreshade.code.tex
File: pgfcoreshade.code.tex 2013/07/15  (rcs-revision 1.15)
\pgf@max=\dimen176
\pgf@sys@shading@range@num=\count149
)
(/opt/local/share/texmf/tex/generic/pgf/basiclayer/pgfcoreimage.code.tex
File: pgfcoreimage.code.tex 2013/07/15  (rcs-revision 1.18)

(/opt/local/share/texmf/tex/generic/pgf/basiclayer/pgfcoreexternal.code.tex
File: pgfcoreexternal.code.tex 2013/07/15  (rcs-revision 1.20)
\pgfexternal@startupbox=\box42
))
(/opt/local/share/texmf/tex/generic/pgf/basiclayer/pgfcorelayers.code.tex
File: pgfcorelayers.code.tex 2013/07/18  (rcs-revision 1.7)
)
(/opt/local/share/texmf/tex/generic/pgf/basiclayer/pgfcoretransparency.code.tex
File: pgfcoretransparency.code.tex 2013/09/30  (rcs-revision 1.5)
) (/opt/local/share/texmf/tex/generic/pgf/basiclayer/pgfcorepatterns.code.tex
File: pgfcorepatterns.code.tex 2013/11/07  (rcs-revision 1.5)
))) (/opt/local/share/texmf/tex/generic/pgf/modules/pgfmoduleshapes.code.tex
File: pgfmoduleshapes.code.tex 2013/10/31  (rcs-revision 1.34)
\pgfnodeparttextbox=\box43
)
(/opt/local/share/texmf/tex/generic/pgf/modules/pgfmoduleplot.code.tex
File: pgfmoduleplot.code.tex 2013/07/31  (rcs-revision 1.12)
)
(/opt/local/share/texmf/tex/latex/pgf/compatibility/pgfcomp-version-0-65.sty
Package: pgfcomp-version-0-65 2007/07/03 v3.0.0 (rcs-revision 1.7)
\pgf@nodesepstart=\dimen177
\pgf@nodesepend=\dimen178
)
(/opt/local/share/texmf/tex/latex/pgf/compatibility/pgfcomp-version-1-18.sty
Package: pgfcomp-version-1-18 2007/07/23 v3.0.0 (rcs-revision 1.1)
))
(/opt/local/share/texmf/tex/latex/pgf/utilities/pgffor.sty
(/opt/local/share/texmf/tex/latex/pgf/utilities/pgfkeys.sty
(/opt/local/share/texmf/tex/generic/pgf/utilities/pgfkeys.code.tex))
(/opt/local/share/texmf/tex/latex/pgf/math/pgfmath.sty
(/opt/local/share/texmf/tex/generic/pgf/math/pgfmath.code.tex))
(/opt/local/share/texmf/tex/generic/pgf/utilities/pgffor.code.tex
Package: pgffor 2013/12/13 v3.0.0 (rcs-revision 1.25)

(/opt/local/share/texmf/tex/generic/pgf/math/pgfmath.code.tex)
\pgffor@iter=\dimen179
\pgffor@skip=\dimen180
\pgffor@stack=\toks51
\pgffor@toks=\toks52
))
(/opt/local/share/texmf/tex/generic/pgf/frontendlayer/tikz/tikz.code.tex
Package: tikz 2013/12/13 v3.0.0 (rcs-revision 1.142)

(/opt/local/share/texmf/tex/generic/pgf/libraries/pgflibraryplothandlers.code.t
ex
File: pgflibraryplothandlers.code.tex 2013/08/31 v3.0.0 (rcs-revision 1.20)
\pgf@plot@mark@count=\count150
\pgfplotmarksize=\dimen181
)
\tikz@lastx=\dimen182
\tikz@lasty=\dimen183
\tikz@lastxsaved=\dimen184
\tikz@lastysaved=\dimen185
\tikzleveldistance=\dimen186
\tikzsiblingdistance=\dimen187
\tikz@figbox=\box44
\tikz@figbox@bg=\box45
\tikz@tempbox=\box46
\tikz@tempbox@bg=\box47
\tikztreelevel=\count151
\tikznumberofchildren=\count152
\tikznumberofcurrentchild=\count153
\tikz@fig@count=\count154
 (/opt/local/share/texmf/tex/generic/pgf/modules/pgfmodulematrix.code.tex
File: pgfmodulematrix.code.tex 2013/09/17  (rcs-revision 1.8)
\pgfmatrixcurrentrow=\count155
\pgfmatrixcurrentcolumn=\count156
\pgf@matrix@numberofcolumns=\count157
)
\tikz@expandcount=\count158

(/opt/local/share/texmf/tex/generic/pgf/frontendlayer/tikz/libraries/tikzlibrar
ytopaths.code.tex
File: tikzlibrarytopaths.code.tex 2008/06/17 v3.0.0 (rcs-revision 1.2)
)))
(/opt/local/share/texmf/tex/generic/pgf/frontendlayer/tikz/libraries/tikzlibrar
ypositioning.code.tex
File: tikzlibrarypositioning.code.tex 2008/10/06 v3.0.0 (rcs-revision 1.7)
) (/opt/local/share/texmf-texlive/tex/latex/tools/calc.sty
Package: calc 2007/08/22 v4.3 Infix arithmetic (KKT,FJ)
\calc@Acount=\count159
\calc@Bcount=\count160
\calc@Adimen=\dimen188
\calc@Bdimen=\dimen189
\calc@Askip=\skip60
\calc@Bskip=\skip61
LaTeX Info: Redefining \setlength on input line 75.
LaTeX Info: Redefining \addtolength on input line 76.
\calc@Ccount=\count161
\calc@Cskip=\skip62
)
\c@@todonotes@numberoftodonotes=\count162
) (/opt/local/share/texmf-texlive/tex/latex/listings/lstlang1.sty
File: lstlang1.sty 2014/03/04 1.5c listings language file
)
(/opt/local/share/texmf-texlive/tex/latex/listings/lstlang1.sty
File: lstlang1.sty 2014/03/04 1.5c listings language file
)
(/opt/local/share/texmf-texlive/tex/latex/listings/lstmisc.sty
File: lstmisc.sty 2014/03/04 1.5c (Carsten Heinz)
)
(/opt/local/share/texmf-texlive/tex/latex/preprint/balance.sty
Package: balance 1999/02/23 4.3 (PWD)
\oldvsize=\dimen190
)
(/opt/local/share/texmf-texlive/tex/latex/cite/cite.sty
LaTeX Info: Redefining \cite on input line 302.
LaTeX Info: Redefining \nocite on input line 373.
Package: cite 2010/09/10  v 5.3
) (./fairpricing.aux

LaTeX Warning: Label `subsec:AnalysisofPhaseLevelBehaviors' multiply defined.

)
\openout1 = `fairpricing.aux'.

LaTeX Font Info:    Checking defaults for OML/cmm/m/it on input line 39.
LaTeX Font Info:    ... okay on input line 39.
LaTeX Font Info:    Checking defaults for T1/cmr/m/n on input line 39.
LaTeX Font Info:    ... okay on input line 39.
LaTeX Font Info:    Checking defaults for OT1/cmr/m/n on input line 39.
LaTeX Font Info:    ... okay on input line 39.
LaTeX Font Info:    Checking defaults for OMS/cmsy/m/n on input line 39.
LaTeX Font Info:    ... okay on input line 39.
LaTeX Font Info:    Checking defaults for OMX/cmex/m/n on input line 39.
LaTeX Font Info:    ... okay on input line 39.
LaTeX Font Info:    Checking defaults for U/cmr/m/n on input line 39.
LaTeX Font Info:    ... okay on input line 39.
LaTeX Font Info:    Checking defaults for PD1/pdf/m/n on input line 39.
LaTeX Font Info:    ... okay on input line 39.
LaTeX Font Info:    Try loading font information for T1+ptm on input line 39.
 (/opt/local/share/texmf-texlive/tex/latex/psnfss/t1ptm.fd
File: t1ptm.fd 2001/06/04 font definitions for T1/ptm.
)
(/opt/local/share/texmf-texlive/tex/context/base/supp-pdf.mkii
[Loading MPS to PDF converter (version 2006.09.02).]
\scratchcounter=\count163
\scratchdimen=\dimen191
\scratchbox=\box48
\nofMPsegments=\count164
\nofMParguments=\count165
\everyMPshowfont=\toks53
\MPscratchCnt=\count166
\MPscratchDim=\dimen192
\MPnumerator=\count167
\makeMPintoPDFobject=\count168
\everyMPtoPDFconversion=\toks54
) (/opt/local/share/texmf-texlive/tex/latex/oberdiek/epstopdf-base.sty
Package: epstopdf-base 2010/02/09 v2.5 Base part for package epstopdf

(/opt/local/share/texmf-texlive/tex/latex/oberdiek/grfext.sty
Package: grfext 2010/08/19 v1.1 Manage graphics extensions (HO)
)
Package grfext Info: Graphics extension search list:
(grfext)             [.png,.pdf,.jpg,.mps,.jpeg,.jbig2,.jb2,.PNG,.PDF,.JPG,.JPE
G,.JBIG2,.JB2,.eps]
(grfext)             \AppendGraphicsExtensions on input line 452.

(/opt/local/share/texmf-texlive/tex/latex/latexconfig/epstopdf-sys.cfg
File: epstopdf-sys.cfg 2010/07/13 v1.3 Configuration of (r)epstopdf for TeX Liv
e
))
\AtBeginShipoutBox=\box49


Package hyperref Warning: Height of page (\paperheight) is invalid (0.0pt),
(hyperref)                using 11in.

Package hyperref Info: Link coloring OFF on input line 39.
(/opt/local/share/texmf-texlive/tex/latex/hyperref/nameref.sty
Package: nameref 2012/10/27 v2.43 Cross-referencing by name of section

(/opt/local/share/texmf-texlive/tex/generic/oberdiek/gettitlestring.sty
Package: gettitlestring 2010/12/03 v1.4 Cleanup title references (HO)
)
\c@section@level=\count169
)
LaTeX Info: Redefining \ref on input line 39.
LaTeX Info: Redefining \pageref on input line 39.
LaTeX Info: Redefining \nameref on input line 39.

(./fairpricing.out) (./fairpricing.out)
\@outlinefile=\write4
\openout4 = `fairpricing.out'.

\c@lstlisting=\count170
Configuring pdfsync
\PDFSYNC@ut=\write5
\openout5 = `fairpricing.pdfsync'.

\PDFSYNCf@li@=\count171
\PDFSYNC@rder=\count172
**** pdfsync.sty: Synchronizing at \everypar
\PDFSYNCeveryp@r=\toks55
**** pdfsync.sty: Synchronizing at \everymath
\PDFSYNCeverym@th=\toks56
**** pdfsync.sty: Synchronizing at \everyhbox
\PDFSYNCeveryhb@x=\toks57
**** pdfsync.sty: Synchronizing at \everyvbox
\PDFSYNCeveryvb@x=\toks58
**** pdfsync.sty: started
Package caption Info: Begin \AtBeginDocument code.
Package caption Info: float package is loaded.
Package caption Info: End \AtBeginDocument code.
 ABD: EveryShipout initializing macros
LaTeX Font Info:    Try loading font information for OT1+ztmcm on input line 41
.

(/opt/local/share/texmf-texlive/tex/latex/psnfss/ot1ztmcm.fd
File: ot1ztmcm.fd 2000/01/03 Fontinst v1.801 font definitions for OT1/ztmcm.
)
LaTeX Font Info:    Try loading font information for OML+ztmcm on input line 41
.

(/opt/local/share/texmf-texlive/tex/latex/psnfss/omlztmcm.fd
File: omlztmcm.fd 2000/01/03 Fontinst v1.801 font definitions for OML/ztmcm.
)
LaTeX Font Info:    Try loading font information for OMS+ztmcm on input line 41
.

(/opt/local/share/texmf-texlive/tex/latex/psnfss/omsztmcm.fd
File: omsztmcm.fd 2000/01/03 Fontinst v1.801 font definitions for OMS/ztmcm.
)
LaTeX Font Info:    Try loading font information for OMX+ztmcm on input line 41
.

(/opt/local/share/texmf-texlive/tex/latex/psnfss/omxztmcm.fd
File: omxztmcm.fd 2000/01/03 Fontinst v1.801 font definitions for OMX/ztmcm.
)
LaTeX Font Info:    Try loading font information for U+lasy on input line 41.

(/opt/local/share/texmf-texlive/tex/latex/base/ulasy.fd
File: ulasy.fd 1998/08/17 v2.2e LaTeX symbol font definitions
)
LaTeX Font Info:    Try loading font information for OT1+ptm on input line 41.

(/opt/local/share/texmf-texlive/tex/latex/psnfss/ot1ptm.fd
File: ot1ptm.fd 2001/06/04 font definitions for OT1/ptm.
)
LaTeX Font Info:    Font shape `OT1/ptm/bx/n' in size <10> not available
(Font)              Font shape `OT1/ptm/b/n' tried instead on input line 41.
LaTeX Font Info:    Font shape `OT1/ptm/bx/n' in size <7.4> not available
(Font)              Font shape `OT1/ptm/b/n' tried instead on input line 41.
LaTeX Font Info:    Font shape `OT1/ptm/bx/n' in size <6> not available
(Font)              Font shape `OT1/ptm/b/n' tried instead on input line 41.
LaTeX Font Info:    Font shape `T1/ptm/bx/n' in size <10> not available
(Font)              Font shape `T1/ptm/b/n' tried instead on input line 45.

Overfull \hbox (1.3064pt too wide) in paragraph at lines 45--46
[][]\T1/ptm/m/n/10 Infrastructure-as-a-service (IaaS) clouds pri-mar-ily use a 
pric-
 []


Overfull \hbox (1.28738pt too wide) in paragraph at lines 45--46
\T1/ptm/m/n/10 their ap-pli-ca-tions on shared servers. This pric-ing model lea
ds
 []


Overfull \hbox (6.51736pt too wide) in paragraph at lines 49--50
\T1/ptm/b/n/10 shot \T1/ptm/m/n/10 tech-nique, a run-time mech-a-nism for es-ti
-mat-ing the degra-
 []


Overfull \hbox (4.27718pt too wide) in paragraph at lines 55--56
\T1/ptm/m/n/10 tions or ex-per-i-ment-ing with Infrastructure-as-a-Service (Iaa
S)
 []


Overfull \hbox (4.18678pt too wide) in paragraph at lines 57--58
[][][]\T1/ptm/m/n/10 Infrastructure-as-a-Service (IaaS) cloud com-put-ing en-ab
les
 []


Overfull \hbox (1.44727pt too wide) in paragraph at lines 57--58
\T1/ptm/m/n/10 tu-al-iza-tion to pro-vide the iso-lated com-put-ing re-sources 
called
 []


Overfull \hbox (1.22778pt too wide) in paragraph at lines 57--58
\T1/ptm/m/n/10 kind of per-for-mance in-ter-fer-ence can-not be tol-er-ated by 
users
 []


Underfull \vbox (badness 1019) has occurred while \output is active []

LaTeX Font Info:    Try loading font information for T1+aett on input line 59.

(/opt/local/share/texmf-texlive/tex/latex/ae/t1aett.fd
File: t1aett.fd 1997/11/16 Font definitions for T1/aett.
)
<comparecorun.pdf, id=122, 710.655pt x 348.30125pt>
File: comparecorun.pdf Graphic file (type pdf)
 <use comparecorun.pdf>
Package pdftex.def Info: comparecorun.pdf used on input line 64.
(pdftex.def)             Requested size: 240.0pt x 117.62897pt.

Overfull \hbox (13.29704pt too wide) in paragraph at lines 59--69
\T1/ptm/m/n/10 ca-tions on the x-axis from Sir-ius-Suite [[]16[]], DjiNN & Toni
c [[]17[]],
 []


Overfull \hbox (3.5582pt too wide) in paragraph at lines 70--71
[][][]\T1/ptm/m/n/10 To en-able \T1/ptm/b/n/10 fair pric-ing \T1/ptm/m/n/10 on 
pub-lic clouds, we need a method-
 []


Overfull \hbox (2.28783pt too wide) in paragraph at lines 70--71
\T1/ptm/m/n/10 ol-ogy to pre-cisely mea-sure per-for-mance degra-da-tion in-cur
red
 []

[1{/opt/local/var/db/texmf/fonts/map/pdftex/updmap/pdftex.map}


 <./comparecorun.pdf>]
Overfull \hbox (6.08704pt too wide) in paragraph at lines 75--76
\T1/ptm/m/n/10 es-ti-ma-tions di-rectly cor-re-late to pric-ing which cus-tomer
s
 []


Overfull \hbox (4.52779pt too wide) in paragraph at lines 82--83
[][][]\T1/ptm/m/n/10 The per-for-mance degra-da-tion es-ti-ma-tion tech-nique i
n snap-
 []


Overfull \hbox (8.65782pt too wide) in paragraph at lines 82--83
\T1/ptm/m/n/10 pro-cess-ing to avoid de-tect-ing \T1/ptm/m/it/10 false phase bo
und-aries \T1/ptm/m/n/10 -- changes
 []


Overfull \hbox (1.68817pt too wide) in paragraph at lines 93--95
[][][]\T1/ptm/b/n/10 Real-system Eval-u-a-tion: \T1/ptm/m/n/10 We per-form a th
or-ough eval-
 []


Overfull \hbox (21.26744pt too wide) in paragraph at lines 93--95
\T1/ptm/m/n/10 ety of ap-pli-ca-tions in-clud-ing Sir-ius-Suite [[]16[]], DjiNN
&Tonic
 []

[2]
Overfull \hbox (11.71732pt too wide) in paragraph at lines 112--113
[][][]\T1/ptm/m/n/10 The most ac-cu-rate way of elim-i-nat-ing bi-ased pric-ing
 schemes
 []

LaTeX Font Info:    Font shape `OT1/ptm/bx/n' in size <9> not available
(Font)              Font shape `OT1/ptm/b/n' tried instead on input line 132.
LaTeX Font Info:    Font shape `OT1/ptm/bx/n' in size <7> not available
(Font)              Font shape `OT1/ptm/b/n' tried instead on input line 132.
LaTeX Font Info:    Font shape `OT1/ptm/bx/n' in size <5> not available
(Font)              Font shape `OT1/ptm/b/n' tried instead on input line 132.

Overfull \hbox (4.11842pt too wide) in paragraph at lines 140--142
\T1/ptm/m/n/10 pro-fil-ing on a ded-i-cated server, Bubble-up [[]25[]] and Cuan
ta [[]8[]]
 []


Overfull \hbox (5.6376pt too wide) in paragraph at lines 140--142
\T1/ptm/m/n/10 threads by evenly dis-tribut-ing the load in-ten-sity to caches 
[[]30[]].
 []


Overfull \hbox (8.59712pt too wide) in paragraph at lines 143--149
\T1/ptm/m/n/10 mod-ern DRAM con-trollers only con-sider max-i-miz-ing through-
 []


Underfull \vbox (badness 10000) has occurred while \output is active []

 [3]
Overfull \hbox (18.63788pt too wide) in paragraph at lines 152--153
[][][]\T1/ptm/m/n/10 In this sec-tion we pro-pose \T1/ptm/b/n/10 P\T1/ptm/m/n/1
0 ricing \T1/ptm/b/n/10 RUN\T1/ptm/m/n/10 time \T1/ptm/b/n/10 E\T1/ptm/m/n/10 n
gine (PRUNE),
 []

<snapshot_shuttering.pdf, id=265, 316.18124pt x 172.645pt>
File: snapshot_shuttering.pdf Graphic file (type pdf)

<use snapshot_shuttering.pdf>
Package pdftex.def Info: snapshot_shuttering.pdf used on input line 165.
(pdftex.def)             Requested size: 215.99854pt x 117.94498pt.

Overfull \hbox (16.31303pt too wide) in paragraph at lines 171--172
\T1/ptm/m/n/10 per-for-mance of the ap-pli-ca-tion when it is run-ning alone $[
][]\OML/ztmcm/m/it/10 CPI[]$\T1/ptm/m/n/10 .
 []


LaTeX Font Warning: Command \small invalid in math mode on input line 180.

LaTeX Font Info:    Font shape `OT1/ptm/bx/n' in size <8> not available
(Font)              Font shape `OT1/ptm/b/n' tried instead on input line 181.
LaTeX Font Info:    Calculating math sizes for size <> on input line 181.

LaTeX Font Warning: Font shape `U/lasy/m/n' in size <> not available
(Font)              size <5> substituted on input line 181.


LaTeX Font Warning: Font shape `U/lasy/m/n' in size <0.74> not available
(Font)              size <5> substituted on input line 181.


LaTeX Font Warning: Font shape `U/lasy/m/n' in size <0.6> not available
(Font)              size <5> substituted on input line 181.

LaTeX Font Info:    Font shape `OT1/ptm/bx/n' in size <> not available
(Font)              Font shape `OT1/ptm/b/n' tried instead on input line 181.
LaTeX Font Info:    Font shape `OT1/ptm/bx/n' in size <0.74> not available
(Font)              Font shape `OT1/ptm/b/n' tried instead on input line 181.
LaTeX Font Info:    Font shape `OT1/ptm/bx/n' in size <0.6> not available
(Font)              Font shape `OT1/ptm/b/n' tried instead on input line 181.
[4 <./snapshot_shuttering.pdf>] <type1.pdf, id=293, 309.155pt x 92.345pt>
File: type1.pdf Graphic file (type pdf)

<use type1.pdf>
Package pdftex.def Info: type1.pdf used on input line 203.
(pdftex.def)             Requested size: 240.0pt x 71.69061pt.

Overfull \hbox (5.14722pt too wide) in paragraph at lines 214--215
\T1/ptm/m/n/10 co-runners, fluc-tu-a-tion of in-com-ing PMU mea-sure-ments
 []


Overfull \hbox (2.74806pt too wide) in paragraph at lines 216--217
\T1/ptm/m/n/10 that can dis-tin-guish be-tween en-doge-nous phase changes
 []


Overfull \hbox (1.92712pt too wide) in paragraph at lines 216--217
\T1/ptm/m/n/10 that the the PMU mea-sure-ments show-ing co-phase vari-
 []

<triggerscoring.pdf, id=299, 963.6pt x 216.81pt>
File: triggerscoring.pdf Graphic file (type pdf)
 <use triggerscoring.pdf>
Package pdftex.def Info: triggerscoring.pdf used on input line 224.
(pdftex.def)             Requested size: 480.0pt x 107.9978pt.

Overfull \hbox (11.90741pt too wide) in paragraph at lines 219--229
[][][]\T1/ptm/m/n/10 From this, it is clear that de-tect-ing en-doge-nous phase
 changes
 []


Overfull \hbox (4.54938pt too wide) in paragraph at lines 229--229
[][][]\subsecfnt Finding Rep-re-sen-ta-tive Types of PMU for Phase
 []


Overfull \hbox (1.2478pt too wide) in paragraph at lines 234--235
[][][]\T1/ptm/m/n/10 To uti-lize PMUs for cap-tur-ing phase changes across a wi
de
 []


Overfull \hbox (10.09775pt too wide) in paragraph at lines 237--238
\T1/ptm/m/n/10 each en-try de-notes the times-tamp at which a phase change
 []


Overfull \hbox (1.60727pt too wide) in paragraph at lines 239--240
\T1/ptm/m/n/10 to ob-tain PMU mea-sure-ments with a train-ing co-runner.
 []

[5 <./type1.pdf>]
LaTeX Font Info:    Font shape `T1/ptm/bx/n' in size <9> not available
(Font)              Font shape `T1/ptm/b/n' tried instead on input line 249.
 <mcfl1dastar.pdf, id=318, 788.9475pt x 360.34625pt>
File: mcfl1dastar.pdf Graphic file (type pdf)

<use mcfl1dastar.pdf>
Package pdftex.def Info: mcfl1dastar.pdf used on input line 268.
(pdftex.def)             Requested size: 240.0pt x 109.61678pt.
 <milcl1dastar.pdf, id=319, 829.0975pt x 360.34625pt>
File: milcl1dastar.pdf Graphic file (type pdf)

<use milcl1dastar.pdf>
Package pdftex.def Info: milcl1dastar.pdf used on input line 275.
(pdftex.def)             Requested size: 240.0pt x 104.30528pt.

Overfull \hbox (9.167pt too wide) in paragraph at lines 289--290
\T1/ptm/m/n/10 rank the ef-fec-tive-ness of PMU types in de-tect-ing phase chan
ges
 []

<fluctuations.pdf, id=327, 321.2pt x 92.345pt>
File: fluctuations.pdf Graphic file (type pdf)
 <use fluctuations.pdf>
Package pdftex.def Info: fluctuations.pdf used on input line 300.
(pdftex.def)             Requested size: 240.0pt x 69.0021pt.

Overfull \hbox (3.26765pt too wide) in paragraph at lines 308--309
\T1/ptm/m/n/10 much more sig-nif-i-cantly com-pared to fluc-tu-a-tions or co-ph
ase
 []


Overfull \hbox (4.04727pt too wide) in paragraph at lines 310--311
\T1/ptm/m/n/10 the same ar-chi-tec-tural re-source would fail to cap-ture the p
hase
 []

[6 <./triggerscoring.pdf> <./fluctuations.pdf

pdfTeX warning: pdflatex (file ./fluctuations.pdf): PDF inclusion: multiple pdf
s with page group included in a single page
>]
Overfull \hbox (1.0275pt too wide) in paragraph at lines 312--313
\T1/ptm/m/n/10 tect phase changes. The x-axis in-di-cates the cu-mu-la-tive num
-
 []

<noise_elimination.pdf, id=366, 313.17pt x 105.39375pt>
File: noise_elimination.pdf Graphic file (type pdf)

<use noise_elimination.pdf>
Package pdftex.def Info: noise_elimination.pdf used on input line 319.
(pdftex.def)             Requested size: 240.0pt x 80.77228pt.

<detect_phases.pdf, id=367, 542.025pt x 153.57375pt>
File: detect_phases.pdf Graphic file (type pdf)
 <use detect_phases.pdf>
Package pdftex.def Info: detect_phases.pdf used on input line 328.
(pdftex.def)             Requested size: 444.00146pt x 125.80473pt.

Overfull \hbox (10.4382pt too wide) in paragraph at lines 334--335
\T1/ptm/m/n/10 ex-e-cu-tion be-hav-ior. In such a case, our phase de-tec-tion m
ethod-
 []


Overfull \hbox (3.29782pt too wide) in paragraph at lines 338--340
[][][]\T1/ptm/m/n/10 Figure []7[] shows an ex-am-ple dif-fer-en-ti-at-ing spike
s and phase
 []


Underfull \vbox (badness 4108) has occurred while \output is active []

 [7 <./mcfl1dastar.pdf> <./milcl1dastar.pdf> <./noise_elimination.pdf>]
Package hyperref Info: bookmark level for unknown algorithm defaults to 0 on in
put line 354.
LaTeX Font Info:    Font shape `T1/ptm/bx/n' in size <8> not available
(Font)              Font shape `T1/ptm/b/n' tried instead on input line 363.

Underfull \hbox (badness 10000) in paragraph at lines 375--376
[][][] $[][]\OML/ztmcm/m/it/8 perfDegVM[]$ \T1/ptm/m/n/8 <= difference(gather_C
PI($[][]\OML/ztmcm/m/it/8 VM[]$\T1/ptm/m/n/8 ) -
 []

<sirius-accuracy.pdf, id=516, 1069.9975pt x 404.51125pt>
File: sirius-accuracy.pdf Graphic file (type pdf)

<use sirius-accuracy.pdf>
Package pdftex.def Info: sirius-accuracy.pdf used on input line 409.
(pdftex.def)             Requested size: 240.0pt x 90.72717pt.

<sirius-overhead.pdf, id=517, 1069.9975pt x 384.43625pt>
File: sirius-overhead.pdf Graphic file (type pdf)

<use sirius-overhead.pdf>
Package pdftex.def Info: sirius-overhead.pdf used on input line 416.
(pdftex.def)             Requested size: 240.0pt x 86.22458pt.

Underfull \hbox (badness 1960) in paragraph at lines 420--420
[][][]\T1/ptm/m/n/10 Figure 9: |Ac-cu-racy and over-head of Sir-ius-Suite and
 []

<spec-accuracy.pdf, id=518, 1650.165pt x 326.21875pt>
File: spec-accuracy.pdf Graphic file (type pdf)
 <use spec-accuracy.pdf>
Package pdftex.def Info: spec-accuracy.pdf used on input line 433.
(pdftex.def)             Requested size: 431.99707pt x 85.39726pt.

<spec-overhead.pdf, id=519, 1650.165pt x 350.30875pt>
File: spec-overhead.pdf Graphic file (type pdf)
 <use spec-overhead.pdf>
Package pdftex.def Info: spec-overhead.pdf used on input line 440.
(pdftex.def)             Requested size: 431.99707pt x 91.70352pt.


LaTeX Warning: Citation `denew' on page 8 undefined on input line 448.

[8 <./detect_phases.pdf>]
<mcfsnapshotlib.pdf, id=564, 726.715pt x 352.31625pt>
File: mcfsnapshotlib.pdf Graphic file (type pdf)
 <use mcfsnapshotlib.pdf>
Package pdftex.def Info: mcfsnapshotlib.pdf used on input line 475.
(pdftex.def)             Requested size: 180.0pt x 87.2617pt.

<mcfsnapshotmcf.pdf, id=565, 726.715pt x 352.31625pt>
File: mcfsnapshotmcf.pdf Graphic file (type pdf)
 <use mcfsnapshotmcf.pdf>
Package pdftex.def Info: mcfsnapshotmcf.pdf used on input line 482.
(pdftex.def)             Requested size: 180.0pt x 87.2617pt.

<milcsnapshotlib.pdf, id=566, 756.8275pt x 360.34625pt>
File: milcsnapshotlib.pdf Graphic file (type pdf)

<use milcsnapshotlib.pdf>
Package pdftex.def Info: milcsnapshotlib.pdf used on input line 489.
(pdftex.def)             Requested size: 180.0pt x 85.70409pt.

<milcsnapshotmcf.pdf, id=567, 742.775pt x 360.34625pt>
File: milcsnapshotmcf.pdf Graphic file (type pdf)

<use milcsnapshotmcf.pdf>
Package pdftex.def Info: milcsnapshotmcf.pdf used on input line 496.
(pdftex.def)             Requested size: 180.0pt x 87.32062pt.

Overfull \hbox (20.4674pt too wide) in paragraph at lines 506--508
\T1/ptm/m/n/10 age the emerg-ing ap-pli-ca-tions, Sir-ius-Suite [[]16[]] and Dj
iNN&Tonic
 []


Overfull \hbox (10.00749pt too wide) in paragraph at lines 510--512
\T1/ptm/m/n/10 axis shows the bench-marks from Sir-ius-Suite and DjiNN&Tonic
 []


Overfull \hbox (7.29774pt too wide) in paragraph at lines 510--512
\T1/ptm/m/n/10 First three bars rep-re-sent a sin-gle type of co-runners \T1/ae
tt/m/n/10 libquan-
 []

[9 <./spec-accuracy.pdf> <./spec-overhead.pdf> <./sirius-accuracy.pdf> <./siriu
s-overhead.pdf>] <accuracy-4-16VMs.pdf, id=794, 1794.705pt x 378.41376pt>
File: accuracy-4-16VMs.pdf Graphic file (type pdf)

<use accuracy-4-16VMs.pdf>
Package pdftex.def Info: accuracy-4-16VMs.pdf used on input line 523.
(pdftex.def)             Requested size: 480.0pt x 101.20302pt.

<overhead-4-16VMs.pdf, id=795, 1794.705pt x 388.45125pt>
File: overhead-4-16VMs.pdf Graphic file (type pdf)

<use overhead-4-16VMs.pdf>
Package pdftex.def Info: overhead-4-16VMs.pdf used on input line 530.
(pdftex.def)             Requested size: 480.0pt x 103.88745pt.

<scaleup-accuracy.pdf, id=800, 328.22626pt x 225.84375pt>
File: scaleup-accuracy.pdf Graphic file (type pdf)

<use scaleup-accuracy.pdf>
Package pdftex.def Info: scaleup-accuracy.pdf used on input line 547.
(pdftex.def)             Requested size: 167.99927pt x 115.59575pt.

<scaleup-overhead.pdf, id=801, 328.22626pt x 225.84375pt>
File: scaleup-overhead.pdf Graphic file (type pdf)

<use scaleup-overhead.pdf>
Package pdftex.def Info: scaleup-overhead.pdf used on input line 554.
(pdftex.def)             Requested size: 167.99927pt x 115.59575pt.
 <astarpriorlib.pdf, id=802, 730.73pt x 360.34625pt>
File: astarpriorlib.pdf Graphic file (type pdf)

<use astarpriorlib.pdf>
Package pdftex.def Info: astarpriorlib.pdf used on input line 565.
(pdftex.def)             Requested size: 187.1997pt x 92.3132pt.
 <astarpriorlib2.pdf, id=803, 726.715pt x 360.34625pt>
File: astarpriorlib2.pdf Graphic file (type pdf)

<use astarpriorlib2.pdf>
Package pdftex.def Info: astarpriorlib2.pdf used on input line 572.
(pdftex.def)             Requested size: 192.00073pt x 95.20538pt.

<astarpriorpovray.pdf, id=804, 730.73pt x 360.34625pt>
File: astarpriorpovray.pdf Graphic file (type pdf)

<use astarpriorpovray.pdf>
Package pdftex.def Info: astarpriorpovray.pdf used on input line 579.
(pdftex.def)             Requested size: 187.1997pt x 92.3132pt.
 <astarpovray.pdf, id=805, 726.715pt x 362.35374pt>
File: astarpovray.pdf Graphic file (type pdf)

<use astarpovray.pdf>
Package pdftex.def Info: astarpovray.pdf used on input line 586.
(pdftex.def)             Requested size: 192.00073pt x 95.73576pt.
 [10 <./mcfsnapshotlib.pdf> <./mcfsnapshotmcf.pdf> <./milcsnapshotlib.pdf> <./m
ilcsnapshotmcf.pdf>] [11 <./accuracy-4-16VMs.pdf> <./overhead-4-16VMs.pdf> <./s
caleup-accuracy.pdf> <./scaleup-overhead.pdf> <./astarpriorlib.pdf> <./astarpri
orlib2.pdf> <./astarpriorpovray.pdf> <./astarpovray.pdf>]
<accuracy-comparison.pdf, id=1287, 1794.705pt x 378.41376pt>
File: accuracy-comparison.pdf Graphic file (type pdf)

<use accuracy-comparison.pdf>
Package pdftex.def Info: accuracy-comparison.pdf used on input line 610.
(pdftex.def)             Requested size: 460.80322pt x 97.15536pt.

<overhead-comparison.pdf, id=1288, 1794.705pt x 378.41376pt>
File: overhead-comparison.pdf Graphic file (type pdf)

<use overhead-comparison.pdf>
Package pdftex.def Info: overhead-comparison.pdf used on input line 617.
(pdftex.def)             Requested size: 460.80322pt x 97.15536pt.
 (./fairpricing.bbl
Underfull \vbox (badness 10000) has occurred while \output is active []

 [12]
Underfull \vbox (badness 10000) has occurred while \output is active []


Underfull \vbox (badness 10000) has occurred while \output is active []

 [13 <./accuracy-comparison.pdf> <./overhead-comparison.pdf>])
Package atveryend Info: Empty hook `BeforeClearDocument' on input line 633.
 [14

]
Package atveryend Info: Empty hook `AfterLastShipout' on input line 633.
 (./fairpricing.aux)
Package atveryend Info: Empty hook `AtVeryEndDocument' on input line 633.
Package atveryend Info: Executing hook `AtEndAfterFileList' on input line 633.
Package rerunfilecheck Info: File `fairpricing.out' has not changed.
(rerunfilecheck)             Checksum: 3E2278BEB856802B9D202D6295FD9BD5;1869.


LaTeX Font Warning: Size substitutions with differences
(Font)              up to 4.4pt have occurred.


LaTeX Warning: There were undefined references.


LaTeX Warning: There were multiply-defined labels.

Package atveryend Info: Empty hook `AtVeryVeryEnd' on input line 633.
 ) 
Here is how much of TeX's memory you used:
 20558 strings out of 494213
 370748 string characters out of 6157463
 458728 words of memory out of 5000000
 23261 multiletter control sequences out of 15000+600000
 96786 words of font info for 162 fonts, out of 8000000 for 9000
 430 hyphenation exceptions out of 8191
 62i,31n,97p,2361b,694s stack positions out of 5000i,500n,10000p,200000b,80000s
{/opt/local/share/texmf-texlive/fonts/enc/dvips/base/8r.enc}</opt/local/share
/texmf-texlive/fonts/type1/public/amsfonts/cm/cmmi10.pfb></opt/local/share/texm
f-texlive/fonts/type1/public/amsfonts/cm/cmr10.pfb></opt/local/share/texmf-texl
ive/fonts/type1/public/amsfonts/cm/cmsy10.pfb></opt/local/share/texmf-texlive/f
onts/type1/public/amsfonts/cm/cmtt10.pfb></opt/local/share/texmf-texlive/fonts/
type1/public/amsfonts/cm/cmtt8.pfb></opt/local/share/texmf-texlive/fonts/type1/
public/amsfonts/symbols/msam10.pfb></opt/local/share/texmf-texlive/fonts/type1/
urw/helvetic/uhvb8a.pfb></opt/local/share/texmf-texlive/fonts/type1/urw/helveti
c/uhvr8a.pfb></opt/local/share/texmf-texlive/fonts/type1/urw/symbol/usyr.pfb></
opt/local/share/texmf-texlive/fonts/type1/urw/times/utmb8a.pfb></opt/local/shar
e/texmf-texlive/fonts/type1/urw/times/utmr8a.pfb></opt/local/share/texmf-texliv
e/fonts/type1/urw/times/utmri8a.pfb>
Output written on fairpricing.pdf (14 pages, 841078 bytes).
PDF statistics:
 1511 PDF objects out of 1728 (max. 8388607)
 600 compressed objects within 6 object streams
 125 named destinations out of 1000 (max. 500000)
 356 words of extra memory for PDF output out of 10000 (max. 10000000)

