\BOOKMARK [1][-]{section.1}{\376\377\000I\000n\000t\000r\000o\000d\000u\000c\000t\000i\000o\000n}{}
\BOOKMARK [1][-]{section.2}{\376\377\000B\000a\000c\000k\000g\000r\000o\000u\000n\000d\000\040\000a\000n\000d\000\040\000M\000o\000t\000i\000v\000a\000t\000i\000o\000n}{}
\BOOKMARK [2][-]{subsection.2.1}{\376\377\000A\000m\000a\000z\000o\000n\000\040\000W\000e\000b\000\040\000S\000e\000r\000v\000i\000c\000e\000s}{section.2}
\BOOKMARK [2][-]{subsection.2.2}{\376\377\000P\000r\000i\000o\000r\000\040\000w\000o\000r\000k\000\040\000a\000n\000d\000\040\000i\000t\000s\000\040\000l\000i\000m\000i\000t\000a\000t\000i\000o\000n\000s}{section.2}
\BOOKMARK [1][-]{section.3}{\376\377\000S\000n\000a\000p\000s\000h\000o\000t\000\040\000S\000h\000u\000t\000t\000e\000r\000i\000n\000g\000\040\000t\000o\000\040\000b\000u\000i\000l\000d\000\040\000a\000\040\000F\000a\000i\000r\000\040\000P\000r\000i\000c\000i\000n\000g\000\040\000R\000u\000n\000t\000i\000m\000e\000\040\000E\000n\000g\000i\000n\000e}{}
\BOOKMARK [2][-]{subsection.3.1}{\376\377\000P\000h\000a\000s\000e\000\040\000c\000h\000a\000n\000g\000i\000n\000g\000\040\000m\000e\000c\000h\000a\000n\000i\000s\000m}{section.3}
\BOOKMARK [2][-]{subsection.3.2}{\376\377\000N\000o\000i\000s\000e\000\040\000e\000l\000i\000m\000i\000n\000a\000t\000i\000o\000n}{section.3}
\BOOKMARK [1][-]{section.4}{\376\377\000S\000n\000a\000p\000s\000h\000o\000t\000\040\000S\000h\000u\000t\000t\000e\000r\000i\000n\000g\000\040\000M\000e\000t\000h\000o\000d\000o\000l\000o\000g\000y\000\040\000i\000n\000\040\000F\000a\000i\000r\000\040\000P\000r\000i\000c\000i\000n\000g\000\040\000R\000u\000n\000t\000i\000m\000e\000\040\000E\000n\000g\000i\000n\000e}{}
\BOOKMARK [2][-]{subsection.4.1}{\376\377\000A\000l\000g\000o\000r\000i\000t\000h\000m\000s\000\040\000p\000r\000e\000s\000e\000n\000t\000\040\000i\000n\000\040\000F\000a\000i\000r\000\040\000P\000r\000i\000c\000i\000n\000g\000\040\000R\000u\000n\000t\000i\000m\000e\000\040\000E\000n\000g\000i\000n\000e}{section.4}
\BOOKMARK [2][-]{subsection.4.2}{\376\377\000D\000e\000s\000c\000r\000i\000p\000t\000i\000o\000n\000\040\000o\000f\000\040\000A\000l\000g\000o\000r\000i\000t\000h\000m\000s\000\040\000i\000n\000\040\000F\000a\000i\000r\000\040\000P\000r\000i\000c\000i\000n\000g\000\040\000R\000u\000n\000t\000i\000m\000e\000\040\000E\000n\000g\000i\000n\000e}{section.4}
\BOOKMARK [2][-]{subsection.4.3}{\376\377\000T\000u\000n\000i\000n\000g\000\040\000S\000n\000a\000p\000s\000h\000o\000t\000\040\000s\000h\000u\000t\000t\000e\000r\000i\000n\000g\000\040\000m\000e\000c\000h\000a\000n\000i\000s\000m}{section.4}
\BOOKMARK [1][-]{section.5}{\376\377\000Q\000u\000a\000n\000t\000i\000f\000y\000i\000n\000g\000\040\000O\000v\000e\000r\000h\000e\000a\000d}{}
\BOOKMARK [2][-]{subsection.5.1}{\376\377\000M\000e\000t\000h\000o\000d\000o\000l\000o\000g\000y\000\040\000f\000o\000r\000\040\000c\000a\000l\000c\000u\000l\000a\000t\000i\000n\000g\000\040\000o\000v\000e\000r\000h\000e\000a\000d\000\040\000f\000o\000r\000\040\000p\000r\000e\000c\000i\000s\000e\000\040\000s\000h\000u\000t\000t\000e\000r\000i\000n\000g}{section.5}
\BOOKMARK [2][-]{subsection.5.2}{\376\377\000M\000e\000t\000h\000o\000d\000o\000l\000o\000g\000y\000\040\000f\000o\000r\000\040\000c\000a\000l\000c\000u\000l\000a\000t\000i\000n\000g\000\040\000o\000v\000e\000r\000h\000e\000a\000d\000\040\000f\000o\000r\000\040\000S\000n\000a\000p\000s\000h\000o\000t\000\040\000S\000h\000u\000t\000t\000e\000r\000i\000n\000g}{section.5}
\BOOKMARK [1][-]{section.6}{\376\377\000E\000x\000p\000e\000r\000i\000m\000e\000n\000t\000a\000l\000\040\000S\000e\000t\000u\000p}{}
\BOOKMARK [1][-]{section.7}{\376\377\000E\000v\000a\000l\000u\000a\000t\000i\000o\000n}{}
\BOOKMARK [2][-]{subsection.7.1}{\376\377\000A\000c\000c\000u\000r\000a\000c\000y\000\040\000i\000n\000\040\000p\000r\000e\000d\000i\000c\000t\000i\000o\000n\000\040\000o\000f\000\040\000d\000e\000g\000r\000a\000d\000a\000t\000i\000o\000n\000\040\000d\000u\000e\000\040\000t\000o\000\040\000c\000o\000-\000l\000o\000c\000a\000t\000i\000o\000n\000\040\000b\000y\000\040\000F\000a\000i\000r\000\040\000P\000r\000i\000c\000i\000n\000g\000\040\000R\000u\000n\000t\000i\000m\000e\000\040\000E\000n\000g\000i\000n\000e}{section.7}
\BOOKMARK [2][-]{subsection.7.2}{\376\377\000P\000h\000a\000s\000e\000\040\000L\000e\000v\000e\000l\000\040\000b\000e\000h\000a\000v\000i\000o\000r}{section.7}
\BOOKMARK [2][-]{subsection.7.3}{\376\377\000O\000v\000e\000r\000h\000e\000a\000d\000\040\000d\000u\000e\000\040\000t\000o\000\040\000F\000a\000i\000r\000\040\000P\000r\000i\000c\000i\000n\000g\000\040\000R\000u\000n\000t\000i\000m\000e\000\040\000E\000n\000g\000i\000n\000e}{section.7}
\BOOKMARK [2][-]{subsection.7.4}{\376\377\000C\000o\000m\000p\000a\000r\000i\000s\000o\000n\000\040\000w\000i\000t\000h\000\040\000s\000h\000u\000t\000t\000e\000r\000i\000n\000g}{section.7}
\BOOKMARK [1][-]{section.8}{\376\377\000C\000o\000n\000c\000l\000u\000s\000i\000o\000n}{}
